<?xml version="1.0" encoding="UTF-8"?>
<testng-results ignored="0" total="2" passed="2" failed="0" skipped="0">
  <reporter-output>
  </reporter-output>
  <suite started-at="2025-12-23T12:11:39 IST" name="MasterSuite" finished-at="2025-12-23T12:12:10 IST" duration-ms="30433">
    <groups>
      <group name="Master">
        <method signature="AccountRegistrationTest.verify_account_registration()[pri:0, instance:com.testcases.AccountRegistrationTest@22d7b4f8]" name="verify_account_registration" class="com.testcases.AccountRegistrationTest"/>
        <method signature="LoginTest.verify_login()[pri:0, instance:com.testcases.LoginTest@691939c9]" name="verify_login" class="com.testcases.LoginTest"/>
      </group> <!-- Master -->
      <group name="Sanity">
        <method signature="LoginTest.verify_login()[pri:0, instance:com.testcases.LoginTest@691939c9]" name="verify_login" class="com.testcases.LoginTest"/>
      </group> <!-- Sanity -->
      <group name="Regression">
        <method signature="AccountRegistrationTest.verify_account_registration()[pri:0, instance:com.testcases.AccountRegistrationTest@22d7b4f8]" name="verify_account_registration" class="com.testcases.AccountRegistrationTest"/>
      </group> <!-- Regression -->
    </groups>
    <test started-at="2025-12-23T12:11:39 IST" name="Test" finished-at="2025-12-23T12:12:10 IST" duration-ms="30433">
      <class name="com.testcases.LoginTest">
        <test-method is-config="true" signature="setup(java.lang.String,java.lang.String)[pri:0, instance:com.testcases.LoginTest@691939c9]" started-at="2025-12-23T12:11:50 IST" name="setup" finished-at="2025-12-23T12:12:08 IST" duration-ms="17064" status="PASS">
          <params>
            <param index="0">
              <value>
                <![CDATA[Windows]]>
              </value>
            </param>
            <param index="1">
              <value>
                <![CDATA[chrome]]>
              </value>
            </param>
          </params>
          <reporter-output>
          </reporter-output>
        </test-method> <!-- setup -->
        <test-method signature="verify_login()[pri:0, instance:com.testcases.LoginTest@691939c9]" started-at="2025-12-23T12:12:08 IST" name="verify_login" finished-at="2025-12-23T12:12:09 IST" duration-ms="1858" status="PASS">
          <reporter-output>
          </reporter-output>
        </test-method> <!-- verify_login -->
        <test-method is-config="true" signature="teardown()[pri:0, instance:com.testcases.LoginTest@691939c9]" started-at="2025-12-23T12:12:09 IST" name="teardown" finished-at="2025-12-23T12:12:10 IST" duration-ms="297" status="PASS">
          <reporter-output>
          </reporter-output>
        </test-method> <!-- teardown -->
      </class> <!-- com.testcases.LoginTest -->
      <class name="com.testcases.AccountRegistrationTest">
        <test-method is-config="true" signature="setup(java.lang.String,java.lang.String)[pri:0, instance:com.testcases.AccountRegistrationTest@22d7b4f8]" started-at="2025-12-23T12:11:40 IST" name="setup" finished-at="2025-12-23T12:11:46 IST" duration-ms="6752" status="PASS">
          <params>
            <param index="0">
              <value>
                <![CDATA[Windows]]>
              </value>
            </param>
            <param index="1">
              <value>
                <![CDATA[chrome]]>
              </value>
            </param>
          </params>
          <reporter-output>
          </reporter-output>
        </test-method> <!-- setup -->
        <test-method signature="verify_account_registration()[pri:0, instance:com.testcases.AccountRegistrationTest@22d7b4f8]" started-at="2025-12-23T12:11:46 IST" name="verify_account_registration" finished-at="2025-12-23T12:11:50 IST" duration-ms="3863" status="PASS">
          <reporter-output>
          </reporter-output>
        </test-method> <!-- verify_account_registration -->
        <test-method is-config="true" signature="teardown()[pri:0, instance:com.testcases.AccountRegistrationTest@22d7b4f8]" started-at="2025-12-23T12:11:50 IST" name="teardown" finished-at="2025-12-23T12:11:50 IST" duration-ms="285" status="PASS">
          <reporter-output>
          </reporter-output>
        </test-method> <!-- teardown -->
      </class> <!-- com.testcases.AccountRegistrationTest -->
    </test> <!-- Test -->
  </suite> <!-- MasterSuite -->
</testng-results>
