<?xml version="1.0" encoding="UTF-8"?>
<testng-results ignored="0" total="2" passed="2" failed="0" skipped="0">
  <reporter-output>
  </reporter-output>
  <suite started-at="2025-12-29T16:29:08 IST" name="MasterSuite" finished-at="2025-12-29T16:29:37 IST" duration-ms="29462">
    <groups>
      <group name="Master">
        <method signature="AccountRegistrationTest.verify_account_registration()[pri:0, instance:com.testcases.AccountRegistrationTest@797cf65c]" name="verify_account_registration" class="com.testcases.AccountRegistrationTest"/>
        <method signature="LoginTest.verify_login()[pri:0, instance:com.testcases.LoginTest@3a12c404]" name="verify_login" class="com.testcases.LoginTest"/>
      </group> <!-- Master -->
      <group name="Sanity">
        <method signature="LoginTest.verify_login()[pri:0, instance:com.testcases.LoginTest@3a12c404]" name="verify_login" class="com.testcases.LoginTest"/>
      </group> <!-- Sanity -->
      <group name="Regression">
        <method signature="AccountRegistrationTest.verify_account_registration()[pri:0, instance:com.testcases.AccountRegistrationTest@797cf65c]" name="verify_account_registration" class="com.testcases.AccountRegistrationTest"/>
      </group> <!-- Regression -->
    </groups>
    <test started-at="2025-12-29T16:29:08 IST" name="Test" finished-at="2025-12-29T16:29:37 IST" duration-ms="29462">
      <class name="com.testcases.LoginTest">
        <test-method is-config="true" signature="setup(java.lang.String,java.lang.String)[pri:0, instance:com.testcases.LoginTest@3a12c404]" started-at="2025-12-29T16:29:25 IST" name="setup" finished-at="2025-12-29T16:29:31 IST" duration-ms="5981" status="PASS">
          <params>
            <param index="0">
              <value>
                <![CDATA[Windows]]>
              </value>
            </param>
            <param index="1">
              <value>
                <![CDATA[chrome]]>
              </value>
            </param>
          </params>
          <reporter-output>
          </reporter-output>
        </test-method> <!-- setup -->
        <test-method signature="verify_login()[pri:0, instance:com.testcases.LoginTest@3a12c404]" started-at="2025-12-29T16:29:31 IST" name="verify_login" finished-at="2025-12-29T16:29:37 IST" duration-ms="5524" status="PASS">
          <reporter-output>
          </reporter-output>
        </test-method> <!-- verify_login -->
        <test-method is-config="true" signature="teardown()[pri:0, instance:com.testcases.LoginTest@3a12c404]" started-at="2025-12-29T16:29:37 IST" name="teardown" finished-at="2025-12-29T16:29:37 IST" duration-ms="640" status="PASS">
          <reporter-output>
          </reporter-output>
        </test-method> <!-- teardown -->
      </class> <!-- com.testcases.LoginTest -->
      <class name="com.testcases.AccountRegistrationTest">
        <test-method is-config="true" signature="setup(java.lang.String,java.lang.String)[pri:0, instance:com.testcases.AccountRegistrationTest@797cf65c]" started-at="2025-12-29T16:29:08 IST" name="setup" finished-at="2025-12-29T16:29:17 IST" duration-ms="9212" status="PASS">
          <params>
            <param index="0">
              <value>
                <![CDATA[Windows]]>
              </value>
            </param>
            <param index="1">
              <value>
                <![CDATA[chrome]]>
              </value>
            </param>
          </params>
          <reporter-output>
          </reporter-output>
        </test-method> <!-- setup -->
        <test-method signature="verify_account_registration()[pri:0, instance:com.testcases.AccountRegistrationTest@797cf65c]" started-at="2025-12-29T16:29:17 IST" name="verify_account_registration" finished-at="2025-12-29T16:29:23 IST" duration-ms="5474" status="PASS">
          <reporter-output>
          </reporter-output>
        </test-method> <!-- verify_account_registration -->
        <test-method is-config="true" signature="teardown()[pri:0, instance:com.testcases.AccountRegistrationTest@797cf65c]" started-at="2025-12-29T16:29:23 IST" name="teardown" finished-at="2025-12-29T16:29:25 IST" duration-ms="2133" status="PASS">
          <reporter-output>
          </reporter-output>
        </test-method> <!-- teardown -->
      </class> <!-- com.testcases.AccountRegistrationTest -->
    </test> <!-- Test -->
  </suite> <!-- MasterSuite -->
</testng-results>
